Arguments: 
  C:\Program Files\nodejs\node.exe C:\Program Files\Git\usr\local\node_modules\yarn\bin\yarn.js add https://github.com/samuelcastro/react-browser-support

PATH: 
  C:\Users\SNEHA\bin;C:\Program Files\Git\mingw64\bin;C:\Program Files\Git\usr\local\bin;C:\Program Files\Git\usr\bin;C:\Program Files\Git\usr\bin;C:\Program Files\Git\mingw64\bin;C:\Program Files\Git\usr\bin;C:\Users\SNEHA\bin;C:\Program Files (x86)\Common Files\Oracle\Java\javapath;C:\tools\ruby25\bin;C:\WINDOWS\system32;C:\WINDOWS;C:\WINDOWS\System32\Wbem;C:\WINDOWS\System32\WindowsPowerShell\v1.0;C:\Program Files (x86)\Brackets\command;C:\Program Files\Git\cmd;C:\Program Files\Git\mingw64\bin;C:\Program Files\Git\usr\bin;C:\ProgramData\chocolatey\bin;C:\Program Files\CMake\bin;C:\Program Files\nodejs;C:\WINDOWS\System32\OpenSSH;C:\Users\SNEHA\AppData\Local\Programs\Python\Python36\Scripts;C:\Users\SNEHA\AppData\Local\Programs\Python\Python36;C:\Windows\System32;C:\Users\ugur\AppData\Roaming\npm;C:\Users\SNEHA\AppData\Local\GitHubDesktop\bin;C:\Program Files\CMake\bin\cmake.exe;C:\Program Files (x86)\Microsoft Visual Studio\2017\Community\Common7\IDE\CommonExtensions\Microsoft\CMake\CMake\bin\cmake.exe;C:\Users\SNEHA\AppData\Roaming\npm;C:\Users\SNEHA\AppData\Local\atom\bin;C:\Program Files\Git\usr\local\json-server;C:\Program Files\Git\usr\local\node_modules\json-server\bin\index.js;C:\Program Files\Amazon\AWSCLI;C:\Program Files\Git\usr\lib\node_modules\.bin;C:\Users\SNEHA\node_modules;C:\Program Files\Git\usr\local;C:\Users\SNEHA\AppData\Local\Microsoft\WindowsApps;C:\Program Files\Java;C:\Program Files\Git\usr\bin\vendor_perl;C:\Program Files\Git\usr\bin\core_perl

Yarn version: 
  1.7.0

Node version: 
  8.11.1

Platform: 
  win32 x64

Trace: 
  Error: EPERM: operation not permitted, unlink 'C:\light-bootstrap-dashboard-react-master\node_modules\node-sass\vendor\win32-x64-57\binding.node'

npm manifest: 
  {
    "name": "light-bootstrap-dashboard-react",
    "version": "1.2.0",
    "private": true,
    "dependencies": {
      "axios": "^0.18.0",
      "bootstrap": "3.3.7",
      "chartist": "0.10.1",
      "node-sass": "4.6.1",
      "node-sass-chokidar": "0.0.3",
      "npm-run-all": "4.1.2",
      "prop-types": "^15.6.0",
      "react": "16.3.0",
      "react-alert-template-basic": "^1.0.0",
      "react-bootstrap": "0.32.1",
      "react-chartist": "0.13.1",
      "react-dom": "16.3.0",
      "react-google-maps": "9.4.5",
      "react-images-uploader": "^1.2.0-rc1",
      "react-notification-system": "0.2.17",
      "react-progress-button": "^5.1.0",
      "react-router-dom": "4.2.2",
      "react-scripts": "1.1.1",
      "react-transition-group": "^2.3.0",
      "tty-browserify": "0.0.1"
    },
    "scripts": {
      "build-css": "node-sass-chokidar --include-path ./src --include-path ./node_modules src/ -o src/",
      "watch-css": "npm run build-css && node-sass-chokidar --include-path ./src --include-path ./node_modules src/ -o src/ --watch --recursive",
      "start-js": "react-scripts start",
      "start": "npm-run-all -p watch-css start-js",
      "build": "npm run build-css && react-scripts build",
      "test": "react-scripts test --env=jsdom",
      "eject": "react-scripts eject"
    },
    "devDependencies": {
      "react-browser-support": "0.0.2"
    }
  }

yarn manifest: 
  No manifest

Lockfile: 
  No lockfile
